<?xml version="1.0" encoding="UTF-8"?>
<!-- Generated by org.testng.reporters.JUnitReportReporter -->
<testsuite hostname="Harinder" failures="0" tests="2" name="com.Harinder.Tests.ErrorValidationTest" time="99.583" errors="0" timestamp="2025-03-21T22:07:43 MDT" skipped="0">
  <testcase classname="com.Harinder.Tests.ErrorValidationTest" name="fillForm2" time="66.378"/>
  <testcase classname="com.Harinder.Tests.ErrorValidationTest" name="fillForm" time="33.205"/>
</testsuite> <!-- com.Harinder.Tests.ErrorValidationTest -->
